<?xml version="1.0" encoding="UTF-8"?>
<!-- Generated by org.testng.reporters.JUnitXMLReporter -->
<testsuite hostname="Ashwini" ignored="4" name="OperaBrowser" tests="1" failures="1" timestamp="2022-07-08T18:46:51 IST" time="45.836" errors="0">
  <testcase name="toSelectProduct" time="14.153" classname="testngclasses.VerifyAddRemoveProduct">
    <failure type="java.lang.AssertionError" message="The following asserts failed:
	title vertification expected [Sny Tv- Buy Products Online at Best Price in India - All Categories | Flipkart.com] but found [Sony Tv- Buy Products Online at Best Price in India - All Categories | Flipkart.com]">
      <![CDATA[java.lang.AssertionError: The following asserts failed:
title vertification expected [Sny Tv- Buy Products Online at Best Price in India - All Categories | Flipkart.com] but found [Sony Tv- Buy Products Online at Best Price in India - All Categories | Flipkart.com]
at testngclasses.VerifyAddRemoveProduct.toSelectProduct(VerifyAddRemoveProduct.java:102)
at java.util.concurrent.ThreadPoolExecutor.runWorker(Unknown Source)
at java.util.concurrent.ThreadPoolExecutor$Worker.run(Unknown Source)
at java.lang.Thread.run(Unknown Source)
... Removed 14 stack frames]]>
    </failure>
  </testcase> <!-- toSelectProduct -->
  <testcase name="toSearchProduct" time="0.0" classname="testngclasses.VerifyApplicationHeaders">
    <ignored/>
  </testcase> <!-- toSearchProduct -->
  <testcase name="toAddToCartProduct" time="0.0" classname="testngclasses.VerifyAddRemoveProduct">
    <ignored/>
  </testcase> <!-- toAddToCartProduct -->
  <testcase name="toRemoveProduct" time="0.0" classname="testngclasses.VerifyAddRemoveProduct">
    <ignored/>
  </testcase> <!-- toRemoveProduct -->
  <testcase name="toVerifyCartButton" time="0.0" classname="testngclasses.VerifyApplicationHeaders">
    <ignored/>
  </testcase> <!-- toVerifyCartButton -->
</testsuite> <!-- OperaBrowser -->
