<?xml version="1.0" encoding="UTF-8"?>
<!-- Generated by org.testng.reporters.JUnitXMLReporter -->
<testsuite hostname="Ashwini" ignored="0" name="Test" tests="5" failures="0" timestamp="2022-07-09T18:02:59 IST" time="0.164" errors="0">
  <testcase name="@BeforeTest launchBrowser" time="-1.657369979049E9" classname="testngclasses.VerifyAddRemoveProduct">
    <failure type="org.testng.TestNGException" message="
Parameter &amp;apos;browserName&amp;apos; is required by BeforeTest on method launchBrowser but has not been marked @Optional or defined
in C:\Users\Ashwini Torankar\eclipse-workspace\FlipKartProjectNew\flipkartregression.xml">
      <![CDATA[org.testng.TestNGException: 
Parameter 'browserName' is required by BeforeTest on method launchBrowser but has not been marked @Optional or defined
in C:\Users\Ashwini Torankar\eclipse-workspace\FlipKartProjectNew\flipkartregression.xml
... Removed 21 stack frames]]>
    </failure>
  </testcase> <!-- @BeforeTest launchBrowser -->
  <testcase name="@BeforeTest launchBrowser" time="-1.657369979067E9" classname="testngclasses.VerifyApplicationHeaders">
    <skipped/>
  </testcase> <!-- @BeforeTest launchBrowser -->
  <testcase name="@BeforeClass pomObjectCreatiom" time="-1.657369979102E9" classname="testngclasses.VerifyApplicationHeaders">
    <skipped/>
  </testcase> <!-- @BeforeClass pomObjectCreatiom -->
  <testcase name="@BeforeMethod loginToApplication" time="-1.657369979122E9" classname="testngclasses.VerifyApplicationHeaders">
    <skipped/>
  </testcase> <!-- @BeforeMethod loginToApplication -->
  <testcase name="@AfterMethod afterMethod" time="-1.657369979135E9" classname="testngclasses.VerifyApplicationHeaders">
    <skipped/>
  </testcase> <!-- @AfterMethod afterMethod -->
  <testcase name="@BeforeMethod loginToApplication" time="-1.657369979143E9" classname="testngclasses.VerifyApplicationHeaders">
    <skipped/>
  </testcase> <!-- @BeforeMethod loginToApplication -->
  <testcase name="@AfterMethod afterMethod" time="-1.65736997915E9" classname="testngclasses.VerifyApplicationHeaders">
    <skipped/>
  </testcase> <!-- @AfterMethod afterMethod -->
  <testcase name="@AfterClass closeObjects" time="-1.657369979154E9" classname="testngclasses.VerifyApplicationHeaders">
    <skipped/>
  </testcase> <!-- @AfterClass closeObjects -->
  <testcase name="@BeforeClass pomObjectCreation" time="-1.657369979155E9" classname="testngclasses.VerifyAddRemoveProduct">
    <skipped/>
  </testcase> <!-- @BeforeClass pomObjectCreation -->
  <testcase name="@BeforeMethod loginToApplication" time="-1.657369979159E9" classname="testngclasses.VerifyAddRemoveProduct">
    <skipped/>
  </testcase> <!-- @BeforeMethod loginToApplication -->
  <testcase name="@AfterMethod afterMethod" time="-1.65736997917E9" classname="testngclasses.VerifyAddRemoveProduct">
    <skipped/>
  </testcase> <!-- @AfterMethod afterMethod -->
  <testcase name="@BeforeMethod loginToApplication" time="-1.657369979182E9" classname="testngclasses.VerifyAddRemoveProduct">
    <skipped/>
  </testcase> <!-- @BeforeMethod loginToApplication -->
  <testcase name="@AfterMethod afterMethod" time="-1.657369979193E9" classname="testngclasses.VerifyAddRemoveProduct">
    <skipped/>
  </testcase> <!-- @AfterMethod afterMethod -->
  <testcase name="@AfterClass closeObjects" time="-1.657369979197E9" classname="testngclasses.VerifyAddRemoveProduct">
    <skipped/>
  </testcase> <!-- @AfterClass closeObjects -->
  <testcase name="@AfterTest afterClass" time="-1.657369979199E9" classname="testngclasses.VerifyAddRemoveProduct">
    <skipped/>
  </testcase> <!-- @AfterTest afterClass -->
  <testcase name="@AfterTest afterClass" time="-1.657369979201E9" classname="testngclasses.VerifyApplicationHeaders">
    <skipped/>
  </testcase> <!-- @AfterTest afterClass -->
  <testcase name="toSearchProduct" time="0.0" classname="testngclasses.VerifyApplicationHeaders">
    <skipped/>
  </testcase> <!-- toSearchProduct -->
  <testcase name="toVerifyCartButton" time="0.0" classname="testngclasses.VerifyApplicationHeaders">
    <skipped/>
  </testcase> <!-- toVerifyCartButton -->
  <testcase name="toSelectProduct" time="0.0" classname="testngclasses.VerifyAddRemoveProduct">
    <skipped/>
  </testcase> <!-- toSelectProduct -->
  <testcase name="toAddToCartProduct" time="0.0" classname="testngclasses.VerifyAddRemoveProduct">
    <skipped/>
  </testcase> <!-- toAddToCartProduct -->
  <testcase name="toRemoveProduct" time="0.0" classname="testngclasses.VerifyAddRemoveProduct">
    <skipped/>
  </testcase> <!-- toRemoveProduct -->
</testsuite> <!-- Test -->
